<?xml version="1.0" encoding="UTF-8"?>
<!-- Generated by org.testng.reporters.JUnitReportReporter -->
<testsuite skipped="0" hostname="QA-RGRH-DESK3" name="com.resumehelp.qa.testcases.LoginPageTest" tests="3" failures="0" timestamp="28 Aug 2019 06:27:52 GMT" time="26.087" errors="0">
  <testcase name="loginpagetitletest" time="8.001" classname="com.resumehelp.qa.testcases.LoginPageTest"/>
  <testcase name="loginPageLogoImagetest" time="7.600" classname="com.resumehelp.qa.testcases.LoginPageTest"/>
  <testcase name="loginTest" time="10.486" classname="com.resumehelp.qa.testcases.LoginPageTest"/>
</testsuite> <!-- com.resumehelp.qa.testcases.LoginPageTest -->
