<?xml version="1.0" encoding="UTF-8"?>
<!-- Generated by org.testng.reporters.JUnitReportReporter -->
<testsuite skipped="0" hostname="QA-RGRH-DESK3" name="com.resumehelp.qa.testcases.DashboardpageTest" tests="1" failures="0" timestamp="28 Aug 2019 06:27:52 GMT" time="10.337" errors="0">
  <testcase name="verifyDashboardTitleTest" time="10.337" classname="com.resumehelp.qa.testcases.DashboardpageTest"/>
</testsuite> <!-- com.resumehelp.qa.testcases.DashboardpageTest -->
